This file contains any messages produced by compilers while
running configure, to aid debugging if configure makes a mistake.

It was created by clutter configure 1.26.1, which was
generated by GNU Autoconf 2.69.  Invocation command line was

  $ ./configure --enable-egl-backend=yes --enable-evdev-input=yes --enable-x11-backend=yes --enable-quartz-backend=no --disable-quartz-backend --enable-osx=no --enable-maintainer-flags=no --enable-introspection=yes --enable-cogl2 --with-gles=2.0 --enable-gdk-backend=no --enable-wayland-backend=no --with-default-drivers=gles2 --with-flavour=eglnative

## --------- ##
## Platform. ##
## --------- ##

hostname = OrangePI
uname -m = armv7l
uname -r = 3.4.39-02-lobo
uname -s = Linux
uname -v = #1 SMP PREEMPT Tue Nov 10 10:37:50 CET 2015

/usr/bin/uname -p = unknown
/bin/uname -X     = unknown

/bin/arch              = unknown
/usr/bin/arch -k       = unknown
/usr/convex/getsysinfo = unknown
/usr/bin/hostinfo      = unknown
/bin/machine           = unknown
/usr/bin/oslevel       = unknown
/bin/universe          = unknown

PATH: /home/orangepi/bin
PATH: /usr/local/sbin
PATH: /usr/local/bin
PATH: /usr/sbin
PATH: /usr/bin
PATH: /sbin
PATH: /bin
PATH: /usr/games
PATH: /usr/local/games


## ----------- ##
## Core tests. ##
## ----------- ##

configure:2593: checking for a BSD-compatible install
configure:2661: result: /usr/bin/install -c
configure:2672: checking whether build environment is sane
configure:2727: result: yes
configure:2878: checking for a thread-safe mkdir -p
configure:2917: result: /bin/mkdir -p
configure:2924: checking for gawk
configure:2940: found /usr/bin/gawk
configure:2951: result: gawk
configure:2962: checking whether make sets $(MAKE)
configure:2984: result: yes
configure:3013: checking whether make supports nested variables
configure:3030: result: yes
configure:3110: checking whether UID '1000' is supported by ustar format
configure:3113: result: yes
configure:3120: checking whether GID '1000' is supported by ustar format
configure:3123: result: yes
configure:3131: checking how to create a ustar tar archive
configure:3142: tar --version
tar (GNU tar) 1.27.1
Copyright (C) 2013 Free Software Foundation, Inc.
License GPLv3+: GNU GPL version 3 or later <http://gnu.org/licenses/gpl.html>.
This is free software: you are free to change and redistribute it.
There is NO WARRANTY, to the extent permitted by law.

Written by John Gilmore and Jay Fenlason.
configure:3145: $? = 0
configure:3185: tardir=conftest.dir && eval tar --format=ustar -chf - "$tardir" >conftest.tar
configure:3188: $? = 0
configure:3192: tar -xf - <conftest.tar
configure:3195: $? = 0
configure:3197: cat conftest.dir/file
GrepMe
configure:3200: $? = 0
configure:3213: result: gnutar
configure:3274: checking whether make supports nested variables
configure:3291: result: yes
configure:3333: checking for a sed that does not truncate output
configure:3397: result: /bin/sed
configure:3408: checking build system type
configure:3422: result: armv7l-unknown-linux-gnueabihf
configure:3442: checking host system type
configure:3455: result: armv7l-unknown-linux-gnueabihf
configure:3480: checking if building for some Win32 platform
configure:3496: result: no
configure:3520: checking for style of include used by make
configure:3548: result: GNU
configure:3619: checking for gcc
configure:3635: found /usr/bin/gcc
configure:3646: result: gcc
configure:3875: checking for C compiler version
configure:3884: gcc --version >&5
gcc (Ubuntu/Linaro 4.9.2-10ubuntu13) 4.9.2
Copyright (C) 2014 Free Software Foundation, Inc.
This is free software; see the source for copying conditions.  There is NO
warranty; not even for MERCHANTABILITY or FITNESS FOR A PARTICULAR PURPOSE.

configure:3895: $? = 0
configure:3884: gcc -v >&5
Using built-in specs.
COLLECT_GCC=gcc
COLLECT_LTO_WRAPPER=/usr/lib/gcc/arm-linux-gnueabihf/4.9/lto-wrapper
Target: arm-linux-gnueabihf
Configured with: ../src/configure -v --with-pkgversion='Ubuntu/Linaro 4.9.2-10ubuntu13' --with-bugurl=file:///usr/share/doc/gcc-4.9/README.Bugs --enable-languages=c,c++,java,go,d,fortran,objc,obj-c++ --prefix=/usr --program-suffix=-4.9 --enable-shared --enable-linker-build-id --libexecdir=/usr/lib --without-included-gettext --enable-threads=posix --with-gxx-include-dir=/usr/include/c++/4.9 --libdir=/usr/lib --enable-nls --with-sysroot=/ --enable-clocale=gnu --enable-libstdcxx-debug --enable-libstdcxx-time=yes --enable-gnu-unique-object --disable-libitm --disable-libquadmath --enable-plugin --with-system-zlib --disable-browser-plugin --enable-java-awt=gtk --enable-gtk-cairo --with-java-home=/usr/lib/jvm/java-1.5.0-gcj-4.9-armhf/jre --enable-java-home --with-jvm-root-dir=/usr/lib/jvm/java-1.5.0-gcj-4.9-armhf --with-jvm-jar-dir=/usr/lib/jvm-exports/java-1.5.0-gcj-4.9-armhf --with-arch-directory=arm --with-ecj-jar=/usr/share/java/eclipse-ecj.jar --enable-objc-gc --enable-multiarch --enable-multilib --disable-sjlj-exceptions --with-arch=armv7-a --with-fpu=vfpv3-d16 --with-float=hard --with-mode=thumb --disable-werror --enable-multilib --enable-checking=release --build=arm-linux-gnueabihf --host=arm-linux-gnueabihf --target=arm-linux-gnueabihf
Thread model: posix
gcc version 4.9.2 (Ubuntu/Linaro 4.9.2-10ubuntu13) 
configure:3895: $? = 0
configure:3884: gcc -V >&5
gcc: error: unrecognized command line option '-V'
gcc: fatal error: no input files
compilation terminated.
configure:3895: $? = 4
configure:3884: gcc -qversion >&5
gcc: error: unrecognized command line option '-qversion'
gcc: fatal error: no input files
compilation terminated.
configure:3895: $? = 4
configure:3915: checking whether the C compiler works
configure:3937: gcc    conftest.c  >&5
configure:3941: $? = 0
configure:3989: result: yes
configure:3992: checking for C compiler default output file name
configure:3994: result: a.out
configure:4000: checking for suffix of executables
configure:4007: gcc -o conftest    conftest.c  >&5
configure:4011: $? = 0
configure:4033: result: 
configure:4055: checking whether we are cross compiling
configure:4063: gcc -o conftest    conftest.c  >&5
configure:4067: $? = 0
configure:4074: ./conftest
configure:4078: $? = 0
configure:4093: result: no
configure:4098: checking for suffix of object files
configure:4120: gcc -c   conftest.c >&5
configure:4124: $? = 0
configure:4145: result: o
configure:4149: checking whether we are using the GNU C compiler
configure:4168: gcc -c   conftest.c >&5
configure:4168: $? = 0
configure:4177: result: yes
configure:4186: checking whether gcc accepts -g
configure:4206: gcc -c -g  conftest.c >&5
configure:4206: $? = 0
configure:4247: result: yes
configure:4264: checking for gcc option to accept ISO C89
configure:4327: gcc  -c -g -O2  conftest.c >&5
configure:4327: $? = 0
configure:4340: result: none needed
configure:4365: checking whether gcc understands -c and -o together
configure:4387: gcc -c conftest.c -o conftest2.o
configure:4390: $? = 0
configure:4387: gcc -c conftest.c -o conftest2.o
configure:4390: $? = 0
configure:4402: result: yes
configure:4421: checking dependency style of gcc
configure:4532: result: gcc3
configure:4553: checking how to run the C preprocessor
configure:4584: gcc -E  conftest.c
configure:4584: $? = 0
configure:4598: gcc -E  conftest.c
conftest.c:9:28: fatal error: ac_nonexistent.h: No such file or directory
 #include <ac_nonexistent.h>
                            ^
compilation terminated.
configure:4598: $? = 1
configure: failed program was:
| /* confdefs.h */
| #define PACKAGE_NAME "clutter"
| #define PACKAGE_TARNAME "clutter"
| #define PACKAGE_VERSION "1.26.1"
| #define PACKAGE_STRING "clutter 1.26.1"
| #define PACKAGE_BUGREPORT "http://bugzilla.gnome.org/enter_bug.cgi?product=clutter"
| #define PACKAGE_URL "http://www.clutter-project.org"
| /* end confdefs.h.  */
| #include <ac_nonexistent.h>
configure:4623: result: gcc -E
configure:4643: gcc -E  conftest.c
configure:4643: $? = 0
configure:4657: gcc -E  conftest.c
conftest.c:9:28: fatal error: ac_nonexistent.h: No such file or directory
 #include <ac_nonexistent.h>
                            ^
compilation terminated.
configure:4657: $? = 1
configure: failed program was:
| /* confdefs.h */
| #define PACKAGE_NAME "clutter"
| #define PACKAGE_TARNAME "clutter"
| #define PACKAGE_VERSION "1.26.1"
| #define PACKAGE_STRING "clutter 1.26.1"
| #define PACKAGE_BUGREPORT "http://bugzilla.gnome.org/enter_bug.cgi?product=clutter"
| #define PACKAGE_URL "http://www.clutter-project.org"
| /* end confdefs.h.  */
| #include <ac_nonexistent.h>
configure:4686: checking for grep that handles long lines and -e
configure:4744: result: /bin/grep
configure:4749: checking for egrep
configure:4811: result: /bin/grep -E
configure:4816: checking for ANSI C header files
configure:4836: gcc -c -g -O2  conftest.c >&5
configure:4836: $? = 0
configure:4909: gcc -o conftest -g -O2   conftest.c  >&5
configure:4909: $? = 0
configure:4909: ./conftest
configure:4909: $? = 0
configure:4920: result: yes
configure:4933: checking for sys/types.h
configure:4933: gcc -c -g -O2  conftest.c >&5
configure:4933: $? = 0
configure:4933: result: yes
configure:4933: checking for sys/stat.h
configure:4933: gcc -c -g -O2  conftest.c >&5
configure:4933: $? = 0
configure:4933: result: yes
configure:4933: checking for stdlib.h
configure:4933: gcc -c -g -O2  conftest.c >&5
configure:4933: $? = 0
configure:4933: result: yes
configure:4933: checking for string.h
configure:4933: gcc -c -g -O2  conftest.c >&5
configure:4933: $? = 0
configure:4933: result: yes
configure:4933: checking for memory.h
configure:4933: gcc -c -g -O2  conftest.c >&5
configure:4933: $? = 0
configure:4933: result: yes
configure:4933: checking for strings.h
configure:4933: gcc -c -g -O2  conftest.c >&5
configure:4933: $? = 0
configure:4933: result: yes
configure:4933: checking for inttypes.h
configure:4933: gcc -c -g -O2  conftest.c >&5
configure:4933: $? = 0
configure:4933: result: yes
configure:4933: checking for stdint.h
configure:4933: gcc -c -g -O2  conftest.c >&5
configure:4933: $? = 0
configure:4933: result: yes
configure:4933: checking for unistd.h
configure:4933: gcc -c -g -O2  conftest.c >&5
configure:4933: $? = 0
configure:4933: result: yes
configure:4945: checking OpenGL/gl.h usability
configure:4945: gcc -c -g -O2  conftest.c >&5
configure:4945: $? = 0
configure:4945: result: yes
configure:4945: checking OpenGL/gl.h presence
configure:4945: gcc -E  conftest.c
configure:4945: $? = 0
configure:4945: result: yes
configure:4945: checking for OpenGL/gl.h
configure:4945: result: yes
configure:5111: checking how to print strings
configure:5138: result: printf
configure:5159: checking for a sed that does not truncate output
configure:5223: result: /bin/sed
configure:5241: checking for fgrep
configure:5303: result: /bin/grep -F
configure:5338: checking for ld used by gcc
configure:5405: result: /usr/bin/ld
configure:5412: checking if the linker (/usr/bin/ld) is GNU ld
configure:5427: result: yes
configure:5439: checking for BSD- or MS-compatible name lister (nm)
configure:5488: result: /usr/bin/nm -B
configure:5618: checking the name lister (/usr/bin/nm -B) interface
configure:5625: gcc -c -g -O2  conftest.c >&5
configure:5628: /usr/bin/nm -B "conftest.o"
configure:5631: output
00000000 B some_variable
configure:5638: result: BSD nm
configure:5641: checking whether ln -s works
configure:5648: result: no, using cp -pR
configure:5653: checking the maximum length of command line arguments
configure:5784: result: 1572864
configure:5801: checking whether the shell understands some XSI constructs
configure:5811: result: yes
configure:5815: checking whether the shell understands "+="
configure:5821: result: yes
configure:5856: checking how to convert armv7l-unknown-linux-gnueabihf file names to armv7l-unknown-linux-gnueabihf format
configure:5896: result: func_convert_file_noop
configure:5903: checking how to convert armv7l-unknown-linux-gnueabihf file names to toolchain format
configure:5923: result: func_convert_file_noop
configure:5930: checking for /usr/bin/ld option to reload object files
configure:5937: result: -r
configure:6011: checking for objdump
configure:6027: found /usr/bin/objdump
configure:6038: result: objdump
configure:6070: checking how to recognize dependent libraries
configure:6268: result: pass_all
configure:6353: checking for dlltool
configure:6383: result: no
configure:6413: checking how to associate runtime and link libraries
configure:6440: result: printf %s\n
configure:6500: checking for ar
configure:6516: found /usr/bin/ar
configure:6527: result: ar
configure:6564: checking for archiver @FILE support
configure:6581: gcc -c -g -O2  conftest.c >&5
configure:6581: $? = 0
configure:6584: ar cru libconftest.a @conftest.lst >&5
configure:6587: $? = 0
configure:6592: ar cru libconftest.a @conftest.lst >&5
ar: conftest.o: No such file or directory
configure:6595: $? = 1
configure:6607: result: @
configure:6665: checking for strip
configure:6681: found /usr/bin/strip
configure:6692: result: strip
configure:6764: checking for ranlib
configure:6780: found /usr/bin/ranlib
configure:6791: result: ranlib
configure:6893: checking command to parse /usr/bin/nm -B output from gcc object
configure:7013: gcc -c -g -O2  conftest.c >&5
configure:7016: $? = 0
configure:7020: /usr/bin/nm -B conftest.o \| sed -n -e 's/^.*[ ]\([ABCDGIRSTW][ABCDGIRSTW]*\)[ ][ ]*\([_A-Za-z][_A-Za-z0-9]*\)$/\1 \2 \2/p' | sed '/ __gnu_lto/d' \> conftest.nm
configure:7023: $? = 0
configure:7089: gcc -o conftest -g -O2   conftest.c conftstm.o >&5
configure:7092: $? = 0
configure:7130: result: ok
configure:7167: checking for sysroot
configure:7197: result: no
configure:7466: checking for mt
configure:7482: found /bin/mt
configure:7493: result: mt
configure:7516: checking if mt is a manifest tool
configure:7522: mt '-?'
configure:7530: result: no
configure:8169: checking for dlfcn.h
configure:8169: gcc -c -g -O2  conftest.c >&5
configure:8169: $? = 0
configure:8169: result: yes
configure:8374: checking for objdir
configure:8389: result: .libs
configure:8660: checking if gcc supports -fno-rtti -fno-exceptions
configure:8678: gcc -c -g -O2  -fno-rtti -fno-exceptions conftest.c >&5
cc1: warning: command line option '-fno-rtti' is valid for C++/ObjC++ but not for C
configure:8682: $? = 0
configure:8695: result: no
configure:9022: checking for gcc option to produce PIC
configure:9029: result: -fPIC -DPIC
configure:9037: checking if gcc PIC flag -fPIC -DPIC works
configure:9055: gcc -c -g -O2  -fPIC -DPIC -DPIC conftest.c >&5
configure:9059: $? = 0
configure:9072: result: yes
configure:9101: checking if gcc static flag -static works
configure:9129: result: yes
configure:9144: checking if gcc supports -c -o file.o
configure:9165: gcc -c -g -O2  -o out/conftest2.o conftest.c >&5
configure:9169: $? = 0
configure:9191: result: yes
configure:9199: checking if gcc supports -c -o file.o
configure:9246: result: yes
configure:9279: checking whether the gcc linker (/usr/bin/ld) supports shared libraries
configure:10436: result: yes
configure:10473: checking whether -lc should be explicitly linked in
configure:10481: gcc -c -g -O2  conftest.c >&5
configure:10484: $? = 0
configure:10499: gcc -shared  -fPIC -DPIC conftest.o  -v -Wl,-soname -Wl,conftest -o conftest 2\>\&1 \| /bin/grep  -lc  \>/dev/null 2\>\&1
configure:10502: $? = 0
configure:10516: result: no
configure:10676: checking dynamic linker characteristics
configure:11176: gcc -o conftest -g -O2   -Wl,-rpath -Wl,/foo conftest.c  >&5
configure:11176: $? = 0
configure:11410: result: GNU/Linux ld.so
configure:11517: checking how to hardcode library paths into programs
configure:11542: result: immediate
configure:12082: checking whether stripping libraries is possible
configure:12087: result: yes
configure:12122: checking if libtool supports shared libraries
configure:12124: result: yes
configure:12127: checking whether to build shared libraries
configure:12148: result: yes
configure:12151: checking whether to build static libraries
configure:12155: result: no
configure:12280: checking for cos in -lm
configure:12305: gcc -o conftest -g -O2   conftest.c -lm   >&5
conftest.c:28:6: warning: conflicting types for built-in function 'cos'
 char cos ();
      ^
configure:12305: $? = 0
configure:12314: result: yes
configure:12326: checking for ANSI C header files
configure:12430: result: yes
configure:12563: checking for pkg-config
configure:12581: found /usr/bin/pkg-config
configure:12593: result: /usr/bin/pkg-config
configure:12618: checking pkg-config is at least version 0.16
configure:12621: result: yes
configure:12638: checking for GLIB - version >= 2.44.0
configure:12750: gcc -o conftest -g -O2 -pthread -I/usr/include/glib-2.0 -I/usr/lib/arm-linux-gnueabihf/glib-2.0/include    conftest.c -lgio-2.0 -lgobject-2.0 -lgthread-2.0 -pthread -lgmodule-2.0 -pthread -lglib-2.0   >&5
configure:12750: $? = 0
configure:12750: ./conftest
configure:12750: $? = 0
configure:12764: result: yes (version 2.44.1)
configure:12840: checking for -Bsymbolic-functions linker flag
configure:12854: gcc -o conftest -g -O2  -Wl,-Bsymbolic-functions conftest.c  >&5
configure:12854: $? = 0
configure:12856: result: yes
configure:12891: checking for -fvisibility=hidden compiler flag
configure:12904: gcc -c -fvisibility=hidden  conftest.c >&5
configure:12904: $? = 0
configure:12905: result: yes
configure:13197: $PKG_CONFIG --exists --print-errors "pangoft2"
configure:13200: $? = 0
configure:13648: $PKG_CONFIG --exists --print-errors "libinput gudev-1.0 xkbcommon"
configure:13651: $? = 0
configure:13981: checking for X11
configure:13986: $PKG_CONFIG --exists --print-errors "x11"
configure:13989: $? = 0
configure:14003: result: found
configure:14225: checking for XEXT extension
configure:14228: $PKG_CONFIG --exists --print-errors "xext"
configure:14231: $? = 0
configure:14247: result: found
configure:14256: checking for XDAMAGE extension
configure:14259: $PKG_CONFIG --exists --print-errors "xdamage"
configure:14262: $? = 0
configure:14278: result: found
configure:14287: checking for XCOMPOSITE extension >= 0.4
configure:14290: $PKG_CONFIG --exists --print-errors "xcomposite >= $XCOMPOSITE_REQ_VERSION"
configure:14293: $? = 0
configure:14309: result: found
configure:14325: checking for XGetEventData
configure:14325: gcc -o conftest -g -O2    conftest.c  -lX11  -lXext -lXdamage -lXcomposite >&5
configure:14325: $? = 0
configure:14325: result: yes
configure:14352: $PKG_CONFIG --exists --print-errors "xi"
configure:14355: $? = 0
configure:14373: checking X11/extensions/XInput2.h usability
configure:14373: gcc -c -g -O2  conftest.c >&5
configure:14373: $? = 0
configure:14373: result: yes
configure:14373: checking X11/extensions/XInput2.h presence
configure:14373: gcc -E  conftest.c
configure:14373: $? = 0
configure:14373: result: yes
configure:14373: checking for X11/extensions/XInput2.h
configure:14373: result: yes
configure:14392: checking for XIAllowTouchEvents
configure:14392: gcc -o conftest -g -O2   conftest.c  -lXi >&5
configure:14392: $? = 0
configure:14392: result: yes
configure:14395: checking for XIScrollClassInfo.number
configure:14395: gcc -c -g -O2  conftest.c >&5
configure:14395: $? = 0
configure:14395: result: yes
configure:14439: checking for XkbQueryExtension
configure:14439: gcc -o conftest -g -O2    conftest.c  -lX11  -lXext -lXdamage -lXcomposite  >&5
configure:14439: $? = 0
configure:14439: result: yes
configure:14583: checking for GDK_PIXBUF
configure:14590: $PKG_CONFIG --exists --print-errors "gdk-pixbuf-2.0"
configure:14593: $? = 0
configure:14607: $PKG_CONFIG --exists --print-errors "gdk-pixbuf-2.0"
configure:14610: $? = 0
configure:14668: result: yes
configure:14907: checking for CLUTTER_DEPS
configure:14914: $PKG_CONFIG --exists --print-errors "$CLUTTER_REQUIRES"
configure:14917: $? = 0
configure:14931: $PKG_CONFIG --exists --print-errors "$CLUTTER_REQUIRES"
configure:14934: $? = 0
configure:14992: result: yes
configure:15009: checking for CLUTTER_DEPS_PRIVATE
configure:15016: $PKG_CONFIG --exists --print-errors "$CLUTTER_REQUIRES_PRIVATE"
configure:15019: $? = 0
configure:15033: $PKG_CONFIG --exists --print-errors "$CLUTTER_REQUIRES_PRIVATE"
configure:15036: $? = 0
configure:15094: result: yes
configure:15324: checking for gobject-introspection
configure:15333: $PKG_CONFIG --exists --print-errors "gobject-introspection-1.0"
configure:15336: $? = 0
configure:15343: $PKG_CONFIG --exists --print-errors "gobject-introspection-1.0 >= 1.39.0"
configure:15346: $? = 0
configure:15370: result: yes
configure:15577: checking whether NLS is requested
configure:15586: result: yes
configure:15627: checking for msgfmt
configure: trying /usr/bin/msgfmt...
0 translated messages.
configure:15659: result: /usr/bin/msgfmt
configure:15668: checking for gmsgfmt
configure:15699: result: /usr/bin/msgfmt
configure:15750: checking for xgettext
configure: trying /usr/bin/xgettext...
/usr/bin/xgettext: warning: file '/dev/null' extension '' is unknown; will try C
configure:15782: result: /usr/bin/xgettext
configure:15828: checking for msgmerge
configure: trying /usr/bin/msgmerge...
configure:15859: result: /usr/bin/msgmerge
configure:15916: checking for ld used by GCC
configure:15980: result: /usr/bin/ld
configure:15987: checking if the linker (/usr/bin/ld) is GNU ld
configure:16000: result: yes
configure:16007: checking for shared library run path origin
configure:16020: result: done
configure:16521: checking for CFPreferencesCopyAppValue
configure:16539: gcc -o conftest -g -O2   conftest.c  -Wl,-framework -Wl,CoreFoundation >&5
conftest.c:37:42: fatal error: CoreFoundation/CFPreferences.h: No such file or directory
 #include <CoreFoundation/CFPreferences.h>
                                          ^
compilation terminated.
configure:16539: $? = 1
configure: failed program was:
| /* confdefs.h */
| #define PACKAGE_NAME "clutter"
| #define PACKAGE_TARNAME "clutter"
| #define PACKAGE_VERSION "1.26.1"
| #define PACKAGE_STRING "clutter 1.26.1"
| #define PACKAGE_BUGREPORT "http://bugzilla.gnome.org/enter_bug.cgi?product=clutter"
| #define PACKAGE_URL "http://www.clutter-project.org"
| #define STDC_HEADERS 1
| #define HAVE_SYS_TYPES_H 1
| #define HAVE_SYS_STAT_H 1
| #define HAVE_STDLIB_H 1
| #define HAVE_STRING_H 1
| #define HAVE_MEMORY_H 1
| #define HAVE_STRINGS_H 1
| #define HAVE_INTTYPES_H 1
| #define HAVE_STDINT_H 1
| #define HAVE_UNISTD_H 1
| #define HAVE_DLFCN_H 1
| #define LT_OBJDIR ".libs/"
| #define STDC_HEADERS 1
| #define _CLUTTER_EXTERN __attribute__((visibility("default"))) extern
| #define HAVE_PANGO_FT2 1
| #define CLUTTER_EGL_BACKEND_GENERIC 1
| #define OS_LINUX 1
| #define HAVE_EVDEV 1
| #define COGL_ENABLE_EXPERIMENTAL_2_0_API 1
| #define CLUTTER_DRIVERS "gles2"
| #define HAVE_XEXT 1
| #define HAVE_XDAMAGE 1
| #define HAVE_XCOMPOSITE 1
| #define HAVE_XGE 1
| #define HAVE_X11_EXTENSIONS_XINPUT2_H 1
| #define HAVE_XINPUT_2 1
| #define HAVE_XINPUT_2_2 1
| #define HAVE_XKB 1
| /* end confdefs.h.  */
| #include <CoreFoundation/CFPreferences.h>
| int
| main ()
| {
| CFPreferencesCopyAppValue(NULL, NULL)
|   ;
|   return 0;
| }
configure:16548: result: no
configure:16555: checking for CFLocaleCopyCurrent
configure:16573: gcc -o conftest -g -O2   conftest.c  -Wl,-framework -Wl,CoreFoundation >&5
conftest.c:37:37: fatal error: CoreFoundation/CFLocale.h: No such file or directory
 #include <CoreFoundation/CFLocale.h>
                                     ^
compilation terminated.
configure:16573: $? = 1
configure: failed program was:
| /* confdefs.h */
| #define PACKAGE_NAME "clutter"
| #define PACKAGE_TARNAME "clutter"
| #define PACKAGE_VERSION "1.26.1"
| #define PACKAGE_STRING "clutter 1.26.1"
| #define PACKAGE_BUGREPORT "http://bugzilla.gnome.org/enter_bug.cgi?product=clutter"
| #define PACKAGE_URL "http://www.clutter-project.org"
| #define STDC_HEADERS 1
| #define HAVE_SYS_TYPES_H 1
| #define HAVE_SYS_STAT_H 1
| #define HAVE_STDLIB_H 1
| #define HAVE_STRING_H 1
| #define HAVE_MEMORY_H 1
| #define HAVE_STRINGS_H 1
| #define HAVE_INTTYPES_H 1
| #define HAVE_STDINT_H 1
| #define HAVE_UNISTD_H 1
| #define HAVE_DLFCN_H 1
| #define LT_OBJDIR ".libs/"
| #define STDC_HEADERS 1
| #define _CLUTTER_EXTERN __attribute__((visibility("default"))) extern
| #define HAVE_PANGO_FT2 1
| #define CLUTTER_EGL_BACKEND_GENERIC 1
| #define OS_LINUX 1
| #define HAVE_EVDEV 1
| #define COGL_ENABLE_EXPERIMENTAL_2_0_API 1
| #define CLUTTER_DRIVERS "gles2"
| #define HAVE_XEXT 1
| #define HAVE_XDAMAGE 1
| #define HAVE_XCOMPOSITE 1
| #define HAVE_XGE 1
| #define HAVE_X11_EXTENSIONS_XINPUT2_H 1
| #define HAVE_XINPUT_2 1
| #define HAVE_XINPUT_2_2 1
| #define HAVE_XKB 1
| /* end confdefs.h.  */
| #include <CoreFoundation/CFLocale.h>
| int
| main ()
| {
| CFLocaleCopyCurrent();
|   ;
|   return 0;
| }
configure:16582: result: no
configure:16631: checking for GNU gettext in libc
configure:16651: gcc -o conftest -g -O2   conftest.c  >&5
configure:16651: $? = 0
configure:16660: result: yes
configure:17406: checking whether to use NLS
configure:17408: result: yes
configure:17411: checking where the gettext function comes from
configure:17422: result: libc
configure:17488: checking for linguas
configure:17505: result: an ar as ast az_IR be bg bs ca ca@valencia cs da de el en_GB eo es eu fa fi fr gl he hi hu id it ja kk km kn ko lt lv mk ml nb nl oc or pa pl ps pt pt_BR ro ru sk sl sr sr@latin sv ta te tr ug uk ur yi zh_CN zh_HK zh_TW 
configure:17683: checking that generated files are newer than configure
configure:17689: result: done
configure:17824: creating ./config.status

## ---------------------- ##
## Running config.status. ##
## ---------------------- ##

This file was extended by clutter config.status 1.26.1, which was
generated by GNU Autoconf 2.69.  Invocation command line was

  CONFIG_FILES    = 
  CONFIG_HEADERS  = 
  CONFIG_LINKS    = 
  CONFIG_COMMANDS = 
  $ ./config.status 

on OrangePI

config.status:1308: creating Makefile
config.status:1308: creating README
config.status:1308: creating build/Makefile
config.status:1308: creating build/autotools/Makefile
config.status:1308: creating build/mingw/Makefile
config.status:1308: creating build/win32/Makefile
config.status:1308: creating build/win32/vs9/Makefile
config.status:1308: creating build/win32/vs10/Makefile
config.status:1308: creating clutter/Makefile
config.status:1308: creating clutter/config.h.win32
config.status:1308: creating clutter/clutter-config.h
config.status:1308: creating clutter/clutter-version.h
config.status:1308: creating clutter/clutter-1.0.pc
config.status:1308: creating clutter/cally/cally-1.0.pc
config.status:1308: creating clutter/cex100/clutter-cex100.h
config.status:1308: creating tests/Makefile
config.status:1308: creating tests/accessibility/Makefile
config.status:1308: creating tests/conform/Makefile
config.status:1308: creating tests/interactive/Makefile
config.status:1308: creating tests/interactive/wrapper.sh
config.status:1308: creating tests/micro-bench/Makefile
config.status:1308: creating tests/performance/Makefile
config.status:1308: creating examples/Makefile
config.status:1308: creating po/Makefile.in
config.status:1308: creating clutter/config.h
config.status:1537: executing depfiles commands
config.status:1537: executing libtool commands
config.status:1537: executing po-directories commands
configure:20189: WARNING: unrecognized options: --enable-osx, --enable-cogl2, --with-gles, --with-flavour

## ---------------- ##
## Cache variables. ##
## ---------------- ##

ac_cv_build=armv7l-unknown-linux-gnueabihf
ac_cv_c_compiler_gnu=yes
ac_cv_env_CC_set=
ac_cv_env_CC_value=
ac_cv_env_CFLAGS_set=
ac_cv_env_CFLAGS_value=
ac_cv_env_CLUTTER_DEPS_CFLAGS_set=
ac_cv_env_CLUTTER_DEPS_CFLAGS_value=
ac_cv_env_CLUTTER_DEPS_LIBS_set=
ac_cv_env_CLUTTER_DEPS_LIBS_value=
ac_cv_env_CLUTTER_DEPS_PRIVATE_CFLAGS_set=
ac_cv_env_CLUTTER_DEPS_PRIVATE_CFLAGS_value=
ac_cv_env_CLUTTER_DEPS_PRIVATE_LIBS_set=
ac_cv_env_CLUTTER_DEPS_PRIVATE_LIBS_value=
ac_cv_env_CPPFLAGS_set=
ac_cv_env_CPPFLAGS_value=
ac_cv_env_CPP_set=
ac_cv_env_CPP_value=
ac_cv_env_GDK_PIXBUF_CFLAGS_set=
ac_cv_env_GDK_PIXBUF_CFLAGS_value=
ac_cv_env_GDK_PIXBUF_LIBS_set=
ac_cv_env_GDK_PIXBUF_LIBS_value=
ac_cv_env_LDFLAGS_set=
ac_cv_env_LDFLAGS_value=
ac_cv_env_LIBS_set=
ac_cv_env_LIBS_value=
ac_cv_env_PKG_CONFIG_LIBDIR_set=
ac_cv_env_PKG_CONFIG_LIBDIR_value=
ac_cv_env_PKG_CONFIG_PATH_set=
ac_cv_env_PKG_CONFIG_PATH_value=
ac_cv_env_PKG_CONFIG_set=
ac_cv_env_PKG_CONFIG_value=
ac_cv_env_XMKMF_set=
ac_cv_env_XMKMF_value=
ac_cv_env_build_alias_set=
ac_cv_env_build_alias_value=
ac_cv_env_host_alias_set=
ac_cv_env_host_alias_value=
ac_cv_env_target_alias_set=
ac_cv_env_target_alias_value=
ac_cv_func_XGetEventData=yes
ac_cv_func_XIAllowTouchEvents=yes
ac_cv_func_XkbQueryExtension=yes
ac_cv_header_OpenGL_gl_h=yes
ac_cv_header_X11_extensions_XInput2_h=yes
ac_cv_header_dlfcn_h=yes
ac_cv_header_inttypes_h=yes
ac_cv_header_memory_h=yes
ac_cv_header_stdc=yes
ac_cv_header_stdint_h=yes
ac_cv_header_stdlib_h=yes
ac_cv_header_string_h=yes
ac_cv_header_strings_h=yes
ac_cv_header_sys_stat_h=yes
ac_cv_header_sys_types_h=yes
ac_cv_header_unistd_h=yes
ac_cv_host=armv7l-unknown-linux-gnueabihf
ac_cv_lib_m_cos=yes
ac_cv_member_XIScrollClassInfo_number=yes
ac_cv_objext=o
ac_cv_path_EGREP='/bin/grep -E'
ac_cv_path_FGREP='/bin/grep -F'
ac_cv_path_GMSGFMT=/usr/bin/msgfmt
ac_cv_path_GREP=/bin/grep
ac_cv_path_MSGFMT=/usr/bin/msgfmt
ac_cv_path_MSGMERGE=/usr/bin/msgmerge
ac_cv_path_SED=/bin/sed
ac_cv_path_XGETTEXT=/usr/bin/xgettext
ac_cv_path_ac_pt_PKG_CONFIG=/usr/bin/pkg-config
ac_cv_path_install='/usr/bin/install -c'
ac_cv_path_mkdir=/bin/mkdir
ac_cv_prog_AWK=gawk
ac_cv_prog_CPP='gcc -E'
ac_cv_prog_ac_ct_AR=ar
ac_cv_prog_ac_ct_CC=gcc
ac_cv_prog_ac_ct_MANIFEST_TOOL=mt
ac_cv_prog_ac_ct_OBJDUMP=objdump
ac_cv_prog_ac_ct_RANLIB=ranlib
ac_cv_prog_ac_ct_STRIP=strip
ac_cv_prog_cc_c89=
ac_cv_prog_cc_g=yes
ac_cv_prog_make_make_set=yes
acl_cv_hardcode_direct=no
acl_cv_hardcode_libdir_flag_spec='${wl}-rpath ${wl}$libdir'
acl_cv_hardcode_libdir_separator=
acl_cv_hardcode_minus_L=no
acl_cv_libext=a
acl_cv_libname_spec='lib$name'
acl_cv_library_names_spec='$libname$shrext'
acl_cv_path_LD=/usr/bin/ld
acl_cv_prog_gnu_ld=yes
acl_cv_rpath=done
acl_cv_shlibext=so
acl_cv_wl=-Wl,
am_cv_CC_dependencies_compiler_type=gcc3
am_cv_make_support_nested_variables=yes
am_cv_prog_cc_c_o=yes
am_cv_prog_tar_ustar=gnutar
gt_cv_func_CFLocaleCopyCurrent=no
gt_cv_func_CFPreferencesCopyAppValue=no
gt_cv_func_gnugettext1_libc=yes
lt_cv_ar_at_file=@
lt_cv_archive_cmds_need_lc=no
lt_cv_deplibs_check_method=pass_all
lt_cv_file_magic_cmd='$MAGIC_CMD'
lt_cv_file_magic_test_file=
lt_cv_ld_reload_flag=-r
lt_cv_nm_interface='BSD nm'
lt_cv_objdir=.libs
lt_cv_path_LD=/usr/bin/ld
lt_cv_path_NM='/usr/bin/nm -B'
lt_cv_path_mainfest_tool=no
lt_cv_prog_compiler_c_o=yes
lt_cv_prog_compiler_pic='-fPIC -DPIC'
lt_cv_prog_compiler_pic_works=yes
lt_cv_prog_compiler_rtti_exceptions=no
lt_cv_prog_compiler_static_works=yes
lt_cv_prog_gnu_ld=yes
lt_cv_sharedlib_from_linklib_cmd='printf %s\n'
lt_cv_shlibpath_overrides_runpath=no
lt_cv_sys_global_symbol_pipe='sed -n -e '\''s/^.*[	 ]\([ABCDGIRSTW][ABCDGIRSTW]*\)[	 ][	 ]*\([_A-Za-z][_A-Za-z0-9]*\)$/\1 \2 \2/p'\'' | sed '\''/ __gnu_lto/d'\'''
lt_cv_sys_global_symbol_to_c_name_address='sed -n -e '\''s/^: \([^ ]*\)[ ]*$/  {\"\1\", (void *) 0},/p'\'' -e '\''s/^[ABCDGIRSTW]* \([^ ]*\) \([^ ]*\)$/  {"\2", (void *) \&\2},/p'\'''
lt_cv_sys_global_symbol_to_c_name_address_lib_prefix='sed -n -e '\''s/^: \([^ ]*\)[ ]*$/  {\"\1\", (void *) 0},/p'\'' -e '\''s/^[ABCDGIRSTW]* \([^ ]*\) \(lib[^ ]*\)$/  {"\2", (void *) \&\2},/p'\'' -e '\''s/^[ABCDGIRSTW]* \([^ ]*\) \([^ ]*\)$/  {"lib\2", (void *) \&\2},/p'\'''
lt_cv_sys_global_symbol_to_cdecl='sed -n -e '\''s/^T .* \(.*\)$/extern int \1();/p'\'' -e '\''s/^[ABCDGIRSTW]* .* \(.*\)$/extern char \1;/p'\'''
lt_cv_sys_max_cmd_len=1572864
lt_cv_to_host_file_cmd=func_convert_file_noop
lt_cv_to_tool_file_cmd=func_convert_file_noop
pkg_cv_CLUTTER_DEPS_CFLAGS='-pthread -I/usr/local/include/cogl -I/usr/include/cairo -I/usr/include/atk-1.0 -I/usr/include/pango-1.0 -I/usr/include/cairo -I/usr/include/pixman-1 -I/usr/include/freetype2 -I/usr/include/libpng12 -I/usr/include/gdk-pixbuf-2.0 -I/usr/include/libpng12 -I/usr/include/libdrm -I/usr/include/json-glib-1.0 -I/usr/include/glib-2.0 -I/usr/lib/arm-linux-gnueabihf/glib-2.0/include '
pkg_cv_CLUTTER_DEPS_LIBS='-L/usr/local/lib -lcogl-path -lcairo-gobject -latk-1.0 -lpangocairo-1.0 -lpango-1.0 -lcogl-pango -lcogl -lcairo -lgmodule-2.0 -pthread -lgdk_pixbuf-2.0 -lwayland-egl -lwayland-client -lEGL -lXrandr -ljson-glib-1.0 -lgio-2.0 -lgobject-2.0 -lglib-2.0 -lX11 -lXext -lXdamage -lXfixes -lXcomposite -lXi '
pkg_cv_CLUTTER_DEPS_PRIVATE_CFLAGS='-pthread -I/usr/local/include -I/usr/include/pango-1.0 -I/usr/include/harfbuzz -I/usr/include/pango-1.0 -I/usr/include/glib-2.0 -I/usr/lib/arm-linux-gnueabihf/glib-2.0/include -I/usr/include/freetype2 '
pkg_cv_CLUTTER_DEPS_PRIVATE_LIBS='-L/usr/local/lib -lpangoft2-1.0 -lpango-1.0 -lgobject-2.0 -lglib-2.0 -lfontconfig -lfreetype -ludev -linput -lxkbcommon '
pkg_cv_GDK_PIXBUF_CFLAGS='-pthread -I/usr/include/gdk-pixbuf-2.0 -I/usr/include/libpng12 -I/usr/include/glib-2.0 -I/usr/lib/arm-linux-gnueabihf/glib-2.0/include '
pkg_cv_GDK_PIXBUF_LIBS='-lgdk_pixbuf-2.0 -lgobject-2.0 -lglib-2.0 '

## ----------------- ##
## Output variables. ##
## ----------------- ##

#define CLUTTER_INPUT_EVDEV "evdev"
#define CLUTTER_INPUT_NULL "null"'
#define CLUTTER_INPUT_X11 "x11"
#define CLUTTER_WINDOWING_EGL "eglnative"
#define CLUTTER_WINDOWING_GLX "glx"
#define CLUTTER_WINDOWING_X11 "x11"
ACLOCAL='${SHELL} /home/opibak/-/bld/clutter-master/build/missing aclocal-1.14'
ALL_LINGUAS='an ar as ast az_IR be bg bs ca ca@valencia cs da de el en_GB eo es eu fa fi fr gl he hi hu id it ja kk km kn ko lt lv mk ml nb nl oc or pa pl ps pt pt_BR ro ru sk sl sr sr@latin sv ta te tr ug uk ur yi zh_CN zh_HK zh_TW '
AMDEPBACKSLASH='\'
AMDEP_FALSE='#'
AMDEP_TRUE=''
AMTAR='$${TAR-tar}'
AM_BACKSLASH='\'
AM_DEFAULT_V='$(AM_DEFAULT_VERBOSITY)'
AM_DEFAULT_VERBOSITY='0'
AM_V='$(V)'
AR='ar'
ATK_PREFIX='/usr'
ATK_REQ_VERSION='2.5.3'
AUTOCONF='${SHELL} /home/opibak/-/bld/clutter-master/build/missing autoconf'
AUTOHEADER='${SHELL} /home/opibak/-/bld/clutter-master/build/missing autoheader'
AUTOMAKE='${SHELL} /home/opibak/-/bld/clutter-master/build/missing automake-1.14'
AWK='gawk'
BUILD_EXAMPLES_FALSE='#'
BUILD_EXAMPLES_TRUE=''
BUILD_XI2_FALSE='#'
BUILD_XI2_TRUE=''
CAIRO_PREFIX='/usr'
CAIRO_REQ_VERSION='1.14.0'
CC='gcc'
CCDEPMODE='depmode=gcc3'
CFLAGS='-g -O2'
CLUTTER_API_VERSION='1.0'
CLUTTER_API_VERSION_AM='1_0'
CLUTTER_BACKENDS='x11 egl'
CLUTTER_CEX100_LIBGDL_PREFIX=''
CLUTTER_CFLAGS='    -pthread -I/usr/local/include/cogl -I/usr/include/cairo -I/usr/include/atk-1.0 -I/usr/include/pango-1.0 -I/usr/include/cairo -I/usr/include/pixman-1 -I/usr/include/freetype2 -I/usr/include/libpng12 -I/usr/include/gdk-pixbuf-2.0 -I/usr/include/libpng12 -I/usr/include/libdrm -I/usr/include/json-glib-1.0 -I/usr/include/glib-2.0 -I/usr/lib/arm-linux-gnueabihf/glib-2.0/include  -pthread -I/usr/local/include -I/usr/include/pango-1.0 -I/usr/include/harfbuzz -I/usr/include/pango-1.0 -I/usr/include/glib-2.0 -I/usr/lib/arm-linux-gnueabihf/glib-2.0/include -I/usr/include/freetype2  -pthread -I/usr/include/glib-2.0 -I/usr/lib/arm-linux-gnueabihf/glib-2.0/include '
CLUTTER_COGL='deprecated'
CLUTTER_CONFIG_DEFINES='
CLUTTER_DEBUG_CFLAGS='-DG_DISABLE_CAST_CHECKS'
CLUTTER_DEPRECATED_CFLAGS='-DGLIB_DISABLE_DEPRECATION_WARNINGS'
CLUTTER_DEPS_CFLAGS='-pthread -I/usr/local/include/cogl -I/usr/include/cairo -I/usr/include/atk-1.0 -I/usr/include/pango-1.0 -I/usr/include/cairo -I/usr/include/pixman-1 -I/usr/include/freetype2 -I/usr/include/libpng12 -I/usr/include/gdk-pixbuf-2.0 -I/usr/include/libpng12 -I/usr/include/libdrm -I/usr/include/json-glib-1.0 -I/usr/include/glib-2.0 -I/usr/lib/arm-linux-gnueabihf/glib-2.0/include '
CLUTTER_DEPS_LIBS='-L/usr/local/lib -lcogl-path -lcairo-gobject -latk-1.0 -lpangocairo-1.0 -lpango-1.0 -lcogl-pango -lcogl -lcairo -lgmodule-2.0 -pthread -lgdk_pixbuf-2.0 -lwayland-egl -lwayland-client -lEGL -lXrandr -ljson-glib-1.0 -lgio-2.0 -lgobject-2.0 -lglib-2.0 -lX11 -lXext -lXdamage -lXfixes -lXcomposite -lXi '
CLUTTER_DEPS_PRIVATE_CFLAGS='-pthread -I/usr/local/include -I/usr/include/pango-1.0 -I/usr/include/harfbuzz -I/usr/include/pango-1.0 -I/usr/include/glib-2.0 -I/usr/lib/arm-linux-gnueabihf/glib-2.0/include -I/usr/include/freetype2 '
CLUTTER_DEPS_PRIVATE_LIBS='-L/usr/local/lib -lpangoft2-1.0 -lpango-1.0 -lgobject-2.0 -lglib-2.0 -lfontconfig -lfreetype -ludev -linput -lxkbcommon '
CLUTTER_FLAVOUR='deprecated'
CLUTTER_GCOV_CFLAGS=''
CLUTTER_GCOV_LDADD=''
CLUTTER_HIDDEN_VISIBILITY_CFLAGS='-fvisibility=hidden'
CLUTTER_INPUT_BACKENDS='x11 evdev'
CLUTTER_LIBS='   -lX11  -lXext -lXdamage -lXcomposite  -L/usr/local/lib -lcogl-path -lcairo-gobject -latk-1.0 -lpangocairo-1.0 -lpango-1.0 -lcogl-pango -lcogl -lcairo -lgmodule-2.0 -pthread -lgdk_pixbuf-2.0 -lwayland-egl -lwayland-client -lEGL -lXrandr -ljson-glib-1.0 -lgio-2.0 -lgobject-2.0 -lglib-2.0 -lX11 -lXext -lXdamage -lXfixes -lXcomposite -lXi  -L/usr/local/lib -lpangoft2-1.0 -lpango-1.0 -lgobject-2.0 -lglib-2.0 -lfontconfig -lfreetype -ludev -linput -lxkbcommon  -lgio-2.0 -lgobject-2.0 -lgthread-2.0 -pthread -lgmodule-2.0 -pthread -lglib-2.0 '
CLUTTER_LINK_FLAGS='-Wl,-Bsymbolic-functions'
CLUTTER_LT_CURRENT='2600'
CLUTTER_LT_LDFLAGS='-version-info 2600:1:2600'
CLUTTER_LT_REVISION='1'
CLUTTER_LT_VERSION='2600:1:2600'
CLUTTER_MAJOR_VERSION='1'
CLUTTER_MICRO_VERSION='1'
CLUTTER_MINOR_VERSION='26'
CLUTTER_RELEASE_STATUS='git'
CLUTTER_REQUIRES='cogl-1.0 >= 1.21.2 cogl-path-1.0 cairo-gobject >= 1.14.0 gio-2.0 >= 2.44.0 atk >= 2.5.3 pangocairo >= 1.30 cogl-pango-1.0 json-glib-1.0 >= 0.12.0 x11 xext xdamage xcomposite >= 0.4 xi'
CLUTTER_REQUIRES_PRIVATE='  pangoft2 libudev >= 136 libinput >= 0.19.0 xkbcommon'
CLUTTER_SONAME_INFIX='deprecated'
CLUTTER_STAGE_TYPE='deprecated'
CLUTTER_VERSION='1.26.1'
CLUTTER_WINSYS='deprecated'
CLUTTER_WINSYS_BASE='deprecated'
COGL_DRIVER='deprecated'
COGL_PREFIX='/usr/local'
COGL_REQ_VERSION='1.21.2'
CPP='gcc -E'
CPPFLAGS=''
CYGPATH_W='echo'
DEFS='-DHAVE_CONFIG_H'
DEPDIR='.deps'
DLLTOOL='false'
DSYMUTIL=''
DUMPBIN=''
ECHO_C=''
ECHO_N='-n'
ECHO_T=''
EGREP='/bin/grep -E'
ENABLE_ALWAYS_BUILD_TESTS_FALSE=''
ENABLE_ALWAYS_BUILD_TESTS_TRUE='#'
ENABLE_DOCS_FALSE=''
ENABLE_DOCS_TRUE='#'
ENABLE_GCOV_FALSE=''
ENABLE_GCOV_TRUE='#'
ENABLE_INSTALLED_TESTS_FALSE=''
ENABLE_INSTALLED_TESTS_TRUE='#'
ENABLE_PDFS_FALSE=''
ENABLE_PDFS_TRUE='#'
EXEEXT=''
FGREP='/bin/grep -F'
GDK_PIXBUF_CFLAGS='-pthread -I/usr/include/gdk-pixbuf-2.0 -I/usr/include/libpng12 -I/usr/include/glib-2.0 -I/usr/lib/arm-linux-gnueabihf/glib-2.0/include '
GDK_PIXBUF_LIBS='-lgdk_pixbuf-2.0 -lgobject-2.0 -lglib-2.0 '
GDK_REQ_VERSION='3.3.18'
GETTEXT_MACRO_VERSION='0.17'
GETTEXT_PACKAGE='clutter-1.0'
GI_REQ_VERSION='1.39.0'
GLIB_CFLAGS='-pthread -I/usr/include/glib-2.0 -I/usr/lib/arm-linux-gnueabihf/glib-2.0/include '
GLIB_COMPILE_RESOURCES='/usr/lib/arm-linux-gnueabihf/glib-2.0/glib-compile-resources'
GLIB_GENMARSHAL='glib-genmarshal'
GLIB_LIBS='-lgio-2.0 -lgobject-2.0 -lgthread-2.0 -pthread -lgmodule-2.0 -pthread -lglib-2.0 '
GLIB_MKENUMS='glib-mkenums'
GLIB_PREFIX='/usr'
GLIB_REQ_VERSION='2.44.0'
GMSGFMT='/usr/bin/msgfmt'
GMSGFMT_015='/usr/bin/msgfmt'
GOBJECT_QUERY='gobject-query'
GREP='/bin/grep'
GTK_DOC_REQ_VERSION='1.20'
HAVE_INTROSPECTION_FALSE='#'
HAVE_INTROSPECTION_TRUE=''
INSTALL_DATA='${INSTALL} -m 644'
INSTALL_PROGRAM='${INSTALL}'
INSTALL_SCRIPT='${INSTALL}'
INSTALL_STRIP_PROGRAM='$(install_sh) -c -s'
INTLLIBS=''
INTL_MACOSX_LIBS=''
INTROSPECTION_CFLAGS='-pthread -I/usr/include/gobject-introspection-1.0 -I/usr/include/glib-2.0 -I/usr/lib/arm-linux-gnueabihf/glib-2.0/include '
INTROSPECTION_COMPILER='/usr/bin/g-ir-compiler'
INTROSPECTION_GENERATE='/usr/bin/g-ir-generate'
INTROSPECTION_GIRDIR='/usr/share/gir-1.0'
INTROSPECTION_LIBS='-lgirepository-1.0 -lgobject-2.0 -lglib-2.0 '
INTROSPECTION_MAKEFILE='/usr/share/gobject-introspection-1.0/Makefile.introspection'
INTROSPECTION_SCANNER='/usr/bin/g-ir-scanner'
INTROSPECTION_TYPELIBDIR='/usr/lib/arm-linux-gnueabihf/girepository-1.0'
JSON_GLIB_REQ_VERSION='0.12.0'
JW=''
LD='/usr/bin/ld'
LDFLAGS=''
LIBICONV='-liconv'
LIBINPUT_REQ_VERSION='0.19.0'
LIBINTL=''
LIBM='-lm'
LIBOBJS=''
LIBS=''
LIBTOOL='$(SHELL) $(top_builddir)/libtool'
LIBUDEV_REQ_VERSION='136'
LIPO=''
LN_S='cp -pR'
LTLIBICONV='-liconv'
LTLIBINTL=''
LTLIBOBJS=''
LTP=''
LTP_GENHTML=''
MAINTAINER_CFLAGS=''
MAKEINFO='${SHELL} /home/opibak/-/bld/clutter-master/build/missing makeinfo'
MANIFEST_TOOL=':'
MKDIR_P='/bin/mkdir -p'
MSGFMT='/usr/bin/msgfmt'
MSGFMT_015='/usr/bin/msgfmt'
MSGMERGE='/usr/bin/msgmerge'
NEED_XKB_UTILS_FALSE='#'
NEED_XKB_UTILS_TRUE=''
NM='/usr/bin/nm -B'
NMEDIT=''
OBJDUMP='objdump'
OBJEXT='o'
OS_LINUX_FALSE='#'
OS_LINUX_TRUE=''
OS_QUARTZ_FALSE='#'
OS_QUARTZ_TRUE=''
OS_WIN32_FALSE=''
OS_WIN32_TRUE='#'
OTOOL64=''
OTOOL=''
PACKAGE='clutter'
PACKAGE_BUGREPORT='http://bugzilla.gnome.org/enter_bug.cgi?product=clutter'
PACKAGE_NAME='clutter'
PACKAGE_STRING='clutter 1.26.1'
PACKAGE_TARNAME='clutter'
PACKAGE_URL='http://www.clutter-project.org'
PACKAGE_VERSION='1.26.1'
PANGO_PREFIX='/usr'
PANGO_REQ_VERSION='1.30'
PATH_SEPARATOR=':'
PIXBUF_TESTS_FALSE='#'
PIXBUF_TESTS_TRUE=''
PKG_CONFIG='/usr/bin/pkg-config'
PKG_CONFIG_LIBDIR=''
PKG_CONFIG_PATH=''
POSUB='po'
RANLIB='ranlib'
SED='/bin/sed'
SET_MAKE=''
SHELL='/bin/bash'
SHTOOL=''
STRIP='strip'
SUPPORT_CEX100_FALSE=''
SUPPORT_CEX100_TRUE='#'
SUPPORT_EGL_FALSE='#'
SUPPORT_EGL_TRUE=''
SUPPORT_GDK_FALSE=''
SUPPORT_GDK_TRUE='#'
SUPPORT_GLX_FALSE='#'
SUPPORT_GLX_TRUE=''
SUPPORT_MIR_FALSE=''
SUPPORT_MIR_TRUE='#'
SUPPORT_OSX_FALSE=''
SUPPORT_OSX_TRUE='#'
SUPPORT_WAYLAND_COMPOSITOR_FALSE=''
SUPPORT_WAYLAND_COMPOSITOR_TRUE='#'
SUPPORT_WAYLAND_FALSE=''
SUPPORT_WAYLAND_TRUE='#'
SUPPORT_WIN32_FALSE=''
SUPPORT_WIN32_TRUE='#'
SUPPORT_X11_FALSE='#'
SUPPORT_X11_TRUE=''
USE_COGL_FALSE='#'
USE_COGL_TRUE=''
USE_EVDEV_FALSE='#'
USE_EVDEV_TRUE=''
USE_GLD_FALSE=''
USE_GLD_TRUE='#'
USE_NLS='yes'
USE_TSLIB_FALSE=''
USE_TSLIB_TRUE='#'
VERSION='1.26.1'
WINDRES=''
X11_TESTS_FALSE='#'
X11_TESTS_TRUE=''
XCOMPOSITE_REQ_VERSION='0.4'
XGETTEXT='/usr/bin/xgettext'
XGETTEXT_015='/usr/bin/xgettext'
XGETTEXT_EXTRA_OPTIONS=''
XMKMF=''
XSLTPROC=''
ac_ct_AR='ar'
ac_ct_CC='gcc'
ac_ct_DUMPBIN=''
am__EXEEXT_FALSE=''
am__EXEEXT_TRUE='#'
am__fastdepCC_FALSE='#'
am__fastdepCC_TRUE=''
am__include='include'
am__isrc=''
am__leading_dot='.'
am__nodep='_no'
am__quote=''
am__tar='tar --format=ustar -chf - "$$tardir"'
am__untar='tar -xf -'
bindir='${exec_prefix}/bin'
build='armv7l-unknown-linux-gnueabihf'
build_alias=''
build_cpu='armv7l'
build_os='linux-gnueabihf'
build_vendor='unknown'
datadir='${datarootdir}'
datarootdir='${prefix}/share'
docdir='${datarootdir}/doc/${PACKAGE_TARNAME}'
dvidir='${docdir}'
exec_prefix='${prefix}'
host='armv7l-unknown-linux-gnueabihf'
host_alias=''
host_cpu='armv7l'
host_os='linux-gnueabihf'
host_vendor='unknown'
htmldir='${docdir}'
includedir='${prefix}/include'
infodir='${datarootdir}/info'
install_sh='${SHELL} /home/opibak/-/bld/clutter-master/build/install-sh'
installed_test_metadir=''
installed_testdir=''
libdir='${exec_prefix}/lib'
libexecdir='${exec_prefix}/libexec'
localedir='${datarootdir}/locale'
localstatedir='${prefix}/var'
mandir='${datarootdir}/man'
mkdir_p='/bin/mkdir -p'
oldincludedir='/usr/include'
pdfdir='${docdir}'
prefix='/usr/local'
program_transform_name='s,x,x,'
psdir='${docdir}'
sbindir='${exec_prefix}/sbin'
sharedstatedir='${prefix}/com'
sysconfdir='${prefix}/etc'
target_alias=''

## ----------- ##
## confdefs.h. ##
## ----------- ##

/* confdefs.h */
#define PACKAGE_NAME "clutter"
#define PACKAGE_TARNAME "clutter"
#define PACKAGE_VERSION "1.26.1"
#define PACKAGE_STRING "clutter 1.26.1"
#define PACKAGE_BUGREPORT "http://bugzilla.gnome.org/enter_bug.cgi?product=clutter"
#define PACKAGE_URL "http://www.clutter-project.org"
#define STDC_HEADERS 1
#define HAVE_SYS_TYPES_H 1
#define HAVE_SYS_STAT_H 1
#define HAVE_STDLIB_H 1
#define HAVE_STRING_H 1
#define HAVE_MEMORY_H 1
#define HAVE_STRINGS_H 1
#define HAVE_INTTYPES_H 1
#define HAVE_STDINT_H 1
#define HAVE_UNISTD_H 1
#define HAVE_DLFCN_H 1
#define LT_OBJDIR ".libs/"
#define STDC_HEADERS 1
#define _CLUTTER_EXTERN __attribute__((visibility("default"))) extern
#define HAVE_PANGO_FT2 1
#define CLUTTER_EGL_BACKEND_GENERIC 1
#define OS_LINUX 1
#define HAVE_EVDEV 1
#define COGL_ENABLE_EXPERIMENTAL_2_0_API 1
#define CLUTTER_DRIVERS "gles2"
#define HAVE_XEXT 1
#define HAVE_XDAMAGE 1
#define HAVE_XCOMPOSITE 1
#define HAVE_XGE 1
#define HAVE_X11_EXTENSIONS_XINPUT2_H 1
#define HAVE_XINPUT_2 1
#define HAVE_XINPUT_2_2 1
#define HAVE_XKB 1
#define ENABLE_NLS 1
#define HAVE_GETTEXT 1
#define HAVE_DCGETTEXT 1
#define GETTEXT_PACKAGE "clutter-1.0"

configure: exit 0
